d:\svn\imageprocess\humanpose\humanpose\x64\release\humanposedll.pch
d:\svn\imageprocess\humanpose\humanpose\x64\release\vc140.pdb
d:\svn\imageprocess\humanpose\humanpose\x64\release\stdafx.obj
d:\svn\imageprocess\humanpose\humanpose\x64\release\dllmain.obj
d:\svn\imageprocess\humanpose\humanpose\x64\release\tinyxml2.obj
d:\svn\imageprocess\humanpose\humanpose\x64\release\humanpose.obj
d:\svn\imageprocess\humanpose\humanpose\x64\release\extract_from_image.obj
d:\svn\imageprocess\humanpose\x64\release\humanposedll.lib
d:\svn\imageprocess\humanpose\x64\release\humanposedll.exp
d:\svn\imageprocess\humanpose\x64\release\humanposedll.dll
d:\svn\imageprocess\humanpose\x64\release\humanposedll.ipdb
d:\svn\imageprocess\humanpose\x64\release\humanposedll.iobj
d:\svn\imageprocess\humanpose\x64\release\humanposedll.pdb
d:\svn\imageprocess\humanpose\humanpose\x64\release\humanposedll.tlog\cl.command.1.tlog
d:\svn\imageprocess\humanpose\humanpose\x64\release\humanposedll.tlog\cl.read.1.tlog
d:\svn\imageprocess\humanpose\humanpose\x64\release\humanposedll.tlog\cl.write.1.tlog
d:\svn\imageprocess\humanpose\humanpose\x64\release\humanposedll.tlog\humanposedll.write.1u.tlog
d:\svn\imageprocess\humanpose\humanpose\x64\release\humanposedll.tlog\link.command.1.tlog
d:\svn\imageprocess\humanpose\humanpose\x64\release\humanposedll.tlog\link.read.1.tlog
d:\svn\imageprocess\humanpose\humanpose\x64\release\humanposedll.tlog\link.write.1.tlog
